<?xml version="1.0" encoding="UTF-8"?>
<!-- Generated by org.testng.reporters.JUnitReportReporter -->
<testsuite skipped="0" hostname="Gopis-MacBook-Air.local" name="test.appium.AppiumTest" tests="1" failures="0" timestamp="21 Mar 2017 16:08:59 GMT" time="64.098" errors="0">
  <testcase name="SignIn" time="64.098" classname="test.appium.AppiumTest"/>
</testsuite> <!-- test.appium.AppiumTest -->
