<?xml version="1.0" encoding="UTF-8"?>
<!-- Generated by org.testng.reporters.JUnitReportReporter -->
<testsuite skipped="0" hostname="Gopis-MacBook-Air.local" name="test.appium.AppiumTest" tests="1" failures="0" timestamp="21 Mar 2017 17:55:21 GMT" time="60.476" errors="0">
  <testcase name="SignIn" time="60.476" classname="test.appium.AppiumTest"/>
</testsuite> <!-- test.appium.AppiumTest -->
